Vivado Simulator v2023.1
Copyright 1986-2022 Xilinx, Inc. All Rights Reserved.
Copyright 2022-2023 Advanced Micro Devices, Inc. All Rights Reserved.
Running: /opt/vlab/vivado/Xilinx/Vivado/2023.1/bin/unwrapped/lnx64.o/xelab --incr --debug typical --relax --mt 8 -L xil_defaultlib -L dist_mem_gen_v8_0_13 -L unisims_ver -L unimacro_ver -L secureip -L xpm --snapshot CPU_tb_behav xil_defaultlib.CPU_tb xil_defaultlib.glbl -log elaborate.log 
Using 8 slave threads.
Starting static elaboration
Pass Through NonSizing Optimizer
WARNING: [VRFC 10-3091] actual bit length 32 differs from formal bit length 5 for port 'debug_reg_ra' [/home/ubuntu/cod_labs/lab6/lab6.srcs/sim_1/new/cpu_tb.v:24]
WARNING: [VRFC 10-3091] actual bit length 32 differs from formal bit length 5 for port 'alu_op_in' [/home/ubuntu/cod_labs/lab6/lab6.srcs/sources_1/new/vsrc/CPU/cpu.v:223]
WARNING: [VRFC 10-3091] actual bit length 32 differs from formal bit length 5 for port 'rf_wa_in' [/home/ubuntu/cod_labs/lab6/lab6.srcs/sources_1/new/vsrc/CPU/cpu.v:224]
WARNING: [VRFC 10-3091] actual bit length 32 differs from formal bit length 5 for port 'rf_ra0_in' [/home/ubuntu/cod_labs/lab6/lab6.srcs/sources_1/new/vsrc/CPU/cpu.v:225]
WARNING: [VRFC 10-3091] actual bit length 32 differs from formal bit length 5 for port 'rf_ra1_in' [/home/ubuntu/cod_labs/lab6/lab6.srcs/sources_1/new/vsrc/CPU/cpu.v:226]
WARNING: [VRFC 10-3091] actual bit length 32 differs from formal bit length 4 for port 'br_type_in' [/home/ubuntu/cod_labs/lab6/lab6.srcs/sources_1/new/vsrc/CPU/cpu.v:227]
WARNING: [VRFC 10-3091] actual bit length 32 differs from formal bit length 4 for port 'dmem_access_in' [/home/ubuntu/cod_labs/lab6/lab6.srcs/sources_1/new/vsrc/CPU/cpu.v:228]
WARNING: [VRFC 10-3091] actual bit length 32 differs from formal bit length 2 for port 'rf_wd_sel_in' [/home/ubuntu/cod_labs/lab6/lab6.srcs/sources_1/new/vsrc/CPU/cpu.v:229]
WARNING: [VRFC 10-3091] actual bit length 32 differs from formal bit length 1 for port 'alu_src0_sel_in' [/home/ubuntu/cod_labs/lab6/lab6.srcs/sources_1/new/vsrc/CPU/cpu.v:230]
WARNING: [VRFC 10-3091] actual bit length 32 differs from formal bit length 1 for port 'alu_src1_sel_in' [/home/ubuntu/cod_labs/lab6/lab6.srcs/sources_1/new/vsrc/CPU/cpu.v:231]
WARNING: [VRFC 10-3091] actual bit length 32 differs from formal bit length 1 for port 'rf_we_in' [/home/ubuntu/cod_labs/lab6/lab6.srcs/sources_1/new/vsrc/CPU/cpu.v:232]
WARNING: [VRFC 10-3091] actual bit length 32 differs from formal bit length 1 for port 'dmem_we_in' [/home/ubuntu/cod_labs/lab6/lab6.srcs/sources_1/new/vsrc/CPU/cpu.v:233]
WARNING: [VRFC 10-3091] actual bit length 32 differs from formal bit length 1 for port 'we' [/home/ubuntu/cod_labs/lab6/lab6.srcs/sim_1/new/cpu_tb.v:31]
WARNING: [VRFC 10-3091] actual bit length 32 differs from formal bit length 1 for port 'stall' [/home/ubuntu/cod_labs/lab6/lab6.srcs/sources_1/new/vsrc/CPU/cpu.v:242]
WARNING: [VRFC 10-3091] actual bit length 32 differs from formal bit length 1 for port 'flush' [/home/ubuntu/cod_labs/lab6/lab6.srcs/sources_1/new/vsrc/CPU/cpu.v:285]
WARNING: [VRFC 10-3091] actual bit length 32 differs from formal bit length 1 for port 'stall' [/home/ubuntu/cod_labs/lab6/lab6.srcs/sources_1/new/vsrc/CPU/cpu.v:286]
WARNING: [VRFC 10-3091] actual bit length 32 differs from formal bit length 5 for port 'alu_op_in' [/home/ubuntu/cod_labs/lab6/lab6.srcs/sources_1/new/vsrc/CPU/cpu.v:309]
WARNING: [VRFC 10-3091] actual bit length 32 differs from formal bit length 4 for port 'br_type_in' [/home/ubuntu/cod_labs/lab6/lab6.srcs/sources_1/new/vsrc/CPU/cpu.v:310]
WARNING: [VRFC 10-3091] actual bit length 32 differs from formal bit length 1 for port 'alu_src0_sel_in' [/home/ubuntu/cod_labs/lab6/lab6.srcs/sources_1/new/vsrc/CPU/cpu.v:311]
WARNING: [VRFC 10-3091] actual bit length 32 differs from formal bit length 1 for port 'alu_src1_sel_in' [/home/ubuntu/cod_labs/lab6/lab6.srcs/sources_1/new/vsrc/CPU/cpu.v:312]
WARNING: [VRFC 10-3091] actual bit length 32 differs from formal bit length 1 for port 'flush' [/home/ubuntu/cod_labs/lab6/lab6.srcs/sources_1/new/vsrc/CPU/cpu.v:319]
WARNING: [VRFC 10-3091] actual bit length 32 differs from formal bit length 1 for port 'stall' [/home/ubuntu/cod_labs/lab6/lab6.srcs/sources_1/new/vsrc/CPU/cpu.v:320]
WARNING: [VRFC 10-3091] actual bit length 32 differs from formal bit length 5 for port 'alu_op_in' [/home/ubuntu/cod_labs/lab6/lab6.srcs/sources_1/new/vsrc/CPU/cpu.v:340]
WARNING: [VRFC 10-3091] actual bit length 32 differs from formal bit length 4 for port 'br_type_in' [/home/ubuntu/cod_labs/lab6/lab6.srcs/sources_1/new/vsrc/CPU/cpu.v:341]
WARNING: [VRFC 10-3091] actual bit length 32 differs from formal bit length 4 for port 'dmem_access_in' [/home/ubuntu/cod_labs/lab6/lab6.srcs/sources_1/new/vsrc/CPU/cpu.v:342]
WARNING: [VRFC 10-3091] actual bit length 32 differs from formal bit length 1 for port 'alu_src0_sel_in' [/home/ubuntu/cod_labs/lab6/lab6.srcs/sources_1/new/vsrc/CPU/cpu.v:343]
WARNING: [VRFC 10-3091] actual bit length 32 differs from formal bit length 1 for port 'alu_src1_sel_in' [/home/ubuntu/cod_labs/lab6/lab6.srcs/sources_1/new/vsrc/CPU/cpu.v:344]
WARNING: [VRFC 10-3091] actual bit length 32 differs from formal bit length 1 for port 'dmem_we_in' [/home/ubuntu/cod_labs/lab6/lab6.srcs/sources_1/new/vsrc/CPU/cpu.v:345]
Completed static elaboration
Starting simulation data flow analysis
Completed simulation data flow analysis
Time Resolution for simulation is 1ps
Compiling module xil_defaultlib.PC_ADD4
Compiling module xil_defaultlib.PC_AND
Compiling module xil_defaultlib.MUX41
Compiling module xil_defaultlib.PC
Compiling module xil_defaultlib.DECODER
Compiling module xil_defaultlib.REG_FILE
Compiling module xil_defaultlib.BRANCH
Compiling module xil_defaultlib.MUX21
Compiling module xil_defaultlib.ALU
Compiling module xil_defaultlib.SL_UNIT
Compiling module xil_defaultlib.SEG_REG
Compiling module xil_defaultlib.Forwarding
Compiling module xil_defaultlib.SEG_CTRL
Compiling module xil_defaultlib.CPU
Compiling module dist_mem_gen_v8_0_13.dist_mem_gen_v8_0_13(C_FAMILY="a...
Compiling module xil_defaultlib.INST_MEM
Compiling module dist_mem_gen_v8_0_13.dist_mem_gen_v8_0_13(C_FAMILY="a...
Compiling module xil_defaultlib.DATA_MEM
Compiling module xil_defaultlib.CPU_tb
Compiling module xil_defaultlib.glbl
Built simulation snapshot CPU_tb_behav
